2025-03-24 13:49:04 - ospa - INFO - Logging to experiments/mnli/ospa_regularize_0.01/mnli_regularize_20250324-134904/ospa_20250324-134904.log
2025-03-24 13:49:04 - ospa - INFO - Arguments: Namespace(task='mnli', data_dir='./data', output_dir='experiments/mnli/ospa_regularize_0.01', tokenizer='bert-base-uncased', max_seq_length=128, d_model=512, nhead=8, num_layers=6, dim_feedforward=2048, dropout=0.1, enforce_mode='regularize', ortho_penalty_weight=0.01, batch_size=32, learning_rate=3e-05, weight_decay=0.01, epochs=3, seed=42, num_workers=0)
2025-03-24 13:49:04 - ospa - INFO - Loading mnli dataset...
2025-03-24 13:49:08 - ospa - INFO - Preprocessing datasets...
2025-03-24 13:49:35 - ospa - INFO - Preparing data loaders...
2025-03-24 13:50:13 - ospa - INFO - Creating OSPA Transformer model...
2025-03-24 13:50:13 - ospa - INFO - Model has 34,544,131 parameters
2025-03-24 13:50:13 - ospa - INFO - Starting training...
2025-03-24 13:50:13 - ospa - INFO - Epoch 1/3
2025-03-24 13:59:19 - ospa - INFO - Train Loss: 1.0823, Train Acc: 0.4364
2025-03-24 13:59:24 - ospa - INFO - Eval Loss: 1.0672, Accuracy: 0.4686
2025-03-24 13:59:24 - ospa - INFO - New best model saved with accuracy = 0.4686
2025-03-24 13:59:24 - ospa - INFO - Epoch 2/3
2025-03-24 14:08:31 - ospa - INFO - Train Loss: 1.0543, Train Acc: 0.4768
2025-03-24 14:08:35 - ospa - INFO - Eval Loss: 1.0433, Accuracy: 0.4844
2025-03-24 14:08:35 - ospa - INFO - New best model saved with accuracy = 0.4844
2025-03-24 14:08:35 - ospa - INFO - Epoch 3/3
2025-03-24 14:17:42 - ospa - INFO - Train Loss: 1.0328, Train Acc: 0.4917
2025-03-24 14:17:46 - ospa - INFO - Eval Loss: 1.0451, Accuracy: 0.4729
2025-03-24 14:17:46 - ospa - INFO - Training completed. Best accuracy: 0.4844
