2025-03-25 19:27:38 - ospa - INFO - Logging to experiments/qqp/ospa_regularize_0.0005/qqp_regularize_20250325-192738/ospa_20250325-192738.log
2025-03-25 19:27:38 - ospa - INFO - Arguments: Namespace(task='qqp', data_dir='./data', output_dir='experiments/qqp/ospa_regularize_0.0005', tokenizer='bert-base-uncased', max_seq_length=128, d_model=512, nhead=8, num_layers=6, dim_feedforward=2048, dropout=0.1, enforce_mode='regularize', ortho_penalty_weight=0.0005, batch_size=32, learning_rate=5e-05, weight_decay=0.01, epochs=3, seed=42, num_workers=0)
2025-03-25 19:27:38 - ospa - INFO - Loading qqp dataset...
2025-03-25 19:27:40 - ospa - INFO - Preprocessing datasets...
2025-03-25 19:28:27 - ospa - INFO - Preparing data loaders...
2025-03-25 19:29:05 - ospa - INFO - Creating OSPA Transformer model...
2025-03-25 19:29:05 - ospa - INFO - Model has 34,543,618 parameters
2025-03-25 19:29:05 - ospa - INFO - Starting training...
2025-03-25 19:29:05 - ospa - INFO - Epoch 1/3
2025-03-25 19:37:29 - ospa - INFO - Train Loss: 0.5490, Train Acc: 0.7241
2025-03-25 19:37:47 - ospa - INFO - Eval Loss: 0.5080, Accuracy: 0.7596
2025-03-25 19:37:48 - ospa - INFO - New best model saved with accuracy = 0.7596
2025-03-25 19:37:48 - ospa - INFO - Epoch 2/3
2025-03-25 19:46:13 - ospa - INFO - Train Loss: 0.4913, Train Acc: 0.7662
2025-03-25 19:46:31 - ospa - INFO - Eval Loss: 0.4718, Accuracy: 0.7831
2025-03-25 19:46:31 - ospa - INFO - New best model saved with accuracy = 0.7831
2025-03-25 19:46:31 - ospa - INFO - Epoch 3/3
2025-03-25 19:54:56 - ospa - INFO - Train Loss: 0.4497, Train Acc: 0.7913
2025-03-25 19:55:14 - ospa - INFO - Eval Loss: 0.4604, Accuracy: 0.7909
2025-03-25 19:55:15 - ospa - INFO - New best model saved with accuracy = 0.7909
2025-03-25 19:55:15 - ospa - INFO - Training completed. Best accuracy: 0.7909
