2025-03-25 18:07:07 - ospa - INFO - Logging to experiments/qqp/baseline/qqp_init_20250325-180707/ospa_20250325-180707.log
2025-03-25 18:07:07 - ospa - INFO - Arguments: Namespace(task='qqp', data_dir='./data', output_dir='experiments/qqp/baseline', tokenizer='bert-base-uncased', max_seq_length=128, d_model=512, nhead=8, num_layers=6, dim_feedforward=2048, dropout=0.1, enforce_mode='init', ortho_penalty_weight=0.0, batch_size=32, learning_rate=5e-05, weight_decay=0.01, epochs=3, seed=42, num_workers=0)
2025-03-25 18:07:07 - ospa - INFO - Loading qqp dataset...
2025-03-25 18:07:09 - ospa - INFO - Preprocessing datasets...
2025-03-25 18:07:11 - ospa - INFO - Preparing data loaders...
2025-03-25 18:07:48 - ospa - INFO - Creating OSPA Transformer model...
2025-03-25 18:07:49 - ospa - INFO - Model has 34,543,618 parameters
2025-03-25 18:07:49 - ospa - INFO - Starting training...
2025-03-25 18:07:49 - ospa - INFO - Epoch 1/3
2025-03-25 18:15:38 - ospa - INFO - Train Loss: 0.5345, Train Acc: 0.7245
2025-03-25 18:15:55 - ospa - INFO - Eval Loss: 0.4871, Accuracy: 0.7617
2025-03-25 18:15:55 - ospa - INFO - New best model saved with accuracy = 0.7617
2025-03-25 18:15:55 - ospa - INFO - Epoch 2/3
2025-03-25 18:23:44 - ospa - INFO - Train Loss: 0.4727, Train Acc: 0.7673
2025-03-25 18:24:00 - ospa - INFO - Eval Loss: 0.4584, Accuracy: 0.7799
2025-03-25 18:24:01 - ospa - INFO - New best model saved with accuracy = 0.7799
2025-03-25 18:24:01 - ospa - INFO - Epoch 3/3
2025-03-25 18:31:49 - ospa - INFO - Train Loss: 0.4341, Train Acc: 0.7903
2025-03-25 18:32:06 - ospa - INFO - Eval Loss: 0.4460, Accuracy: 0.7880
2025-03-25 18:32:06 - ospa - INFO - New best model saved with accuracy = 0.7880
2025-03-25 18:32:06 - ospa - INFO - Training completed. Best accuracy: 0.7880
