2025-03-25 21:21:45 - ospa - INFO - Logging to experiments/large_scale/large_mnli_baseline/mnli_init_20250325-212145/ospa_20250325-212145.log
2025-03-25 21:21:45 - ospa - INFO - Arguments: Namespace(task='mnli', data_dir='./data', output_dir='experiments/large_scale/large_mnli_baseline', tokenizer='bert-base-uncased', max_seq_length=128, d_model=768, nhead=12, num_layers=12, dim_feedforward=3072, dropout=0.1, enforce_mode='init', ortho_penalty_weight=0.0, batch_size=24, learning_rate=2e-05, weight_decay=0.01, epochs=5, seed=42, num_workers=0)
2025-03-25 21:21:45 - ospa - INFO - Loading mnli dataset...
2025-03-25 21:21:49 - ospa - INFO - Preprocessing datasets...
2025-03-25 21:22:15 - ospa - INFO - Preparing data loaders...
2025-03-25 21:22:52 - ospa - INFO - Creating OSPA Transformer model...
2025-03-25 21:22:53 - ospa - INFO - Model has 108,499,203 parameters
2025-03-25 21:22:53 - ospa - INFO - Starting training...
2025-03-25 21:22:53 - ospa - INFO - Epoch 1/5
2025-03-25 21:55:34 - ospa - INFO - Train Loss: 1.0565, Train Acc: 0.4363
2025-03-25 21:55:50 - ospa - INFO - Eval Loss: 1.0419, Accuracy: 0.4437
2025-03-25 21:55:51 - ospa - INFO - New best model saved with accuracy = 0.4437
2025-03-25 21:55:51 - ospa - INFO - Epoch 2/5
2025-03-25 22:28:24 - ospa - INFO - Train Loss: 1.0223, Train Acc: 0.4761
2025-03-25 22:28:40 - ospa - INFO - Eval Loss: 1.0280, Accuracy: 0.4679
2025-03-25 22:28:41 - ospa - INFO - New best model saved with accuracy = 0.4679
2025-03-25 22:28:41 - ospa - INFO - Epoch 3/5
2025-03-25 23:01:17 - ospa - INFO - Train Loss: 1.0049, Train Acc: 0.4921
2025-03-25 23:01:33 - ospa - INFO - Eval Loss: 1.0289, Accuracy: 0.4571
2025-03-25 23:01:33 - ospa - INFO - Epoch 4/5
2025-03-25 23:34:11 - ospa - INFO - Train Loss: 0.9915, Train Acc: 0.5040
2025-03-25 23:34:27 - ospa - INFO - Eval Loss: 1.0053, Accuracy: 0.4904
2025-03-25 23:34:28 - ospa - INFO - New best model saved with accuracy = 0.4904
2025-03-25 23:34:28 - ospa - INFO - Epoch 5/5
2025-03-26 00:07:06 - ospa - INFO - Train Loss: 0.9833, Train Acc: 0.5109
2025-03-26 00:07:22 - ospa - INFO - Eval Loss: 1.0106, Accuracy: 0.4897
2025-03-26 00:07:23 - ospa - INFO - Training completed. Best accuracy: 0.4904
