2025-03-24 12:56:09 - ospa - INFO - Logging to experiments/qqp/ospa_regularize_0.001/qqp_regularize_20250324-125608/ospa_20250324-125609.log
2025-03-24 12:56:09 - ospa - INFO - Arguments: Namespace(task='qqp', data_dir='./data', output_dir='experiments/qqp/ospa_regularize_0.001', tokenizer='bert-base-uncased', max_seq_length=128, d_model=512, nhead=8, num_layers=6, dim_feedforward=2048, dropout=0.1, enforce_mode='regularize', ortho_penalty_weight=0.001, batch_size=32, learning_rate=5e-05, weight_decay=0.01, epochs=3, seed=42, num_workers=0)
2025-03-24 12:56:09 - ospa - INFO - Loading qqp dataset...
2025-03-24 12:56:12 - ospa - INFO - Preprocessing datasets...
2025-03-24 12:56:58 - ospa - INFO - Preparing data loaders...
2025-03-24 12:57:40 - ospa - INFO - Creating OSPA Transformer model...
2025-03-24 12:57:40 - ospa - INFO - Model has 34,543,618 parameters
2025-03-24 12:57:40 - ospa - INFO - Starting training...
2025-03-24 12:57:40 - ospa - INFO - Epoch 1/3
2025-03-24 13:06:05 - ospa - INFO - Train Loss: 0.5561, Train Acc: 0.7225
2025-03-24 13:06:24 - ospa - INFO - Eval Loss: 0.5349, Accuracy: 0.7542
2025-03-24 13:06:24 - ospa - INFO - New best model saved with accuracy = 0.7542
2025-03-24 13:06:24 - ospa - INFO - Epoch 2/3
2025-03-24 13:14:49 - ospa - INFO - Train Loss: 0.4982, Train Acc: 0.7658
2025-03-24 13:15:07 - ospa - INFO - Eval Loss: 0.4826, Accuracy: 0.7816
2025-03-24 13:15:08 - ospa - INFO - New best model saved with accuracy = 0.7816
2025-03-24 13:15:08 - ospa - INFO - Epoch 3/3
2025-03-24 13:23:32 - ospa - INFO - Train Loss: 0.4561, Train Acc: 0.7891
2025-03-24 13:23:51 - ospa - INFO - Eval Loss: 0.4659, Accuracy: 0.7881
2025-03-24 13:23:51 - ospa - INFO - New best model saved with accuracy = 0.7881
2025-03-24 13:23:51 - ospa - INFO - Training completed. Best accuracy: 0.7881
