2025-03-25 18:59:55 - ospa - INFO - Logging to experiments/qqp/ospa_regularize_0.0003/qqp_regularize_20250325-185955/ospa_20250325-185955.log
2025-03-25 18:59:55 - ospa - INFO - Arguments: Namespace(task='qqp', data_dir='./data', output_dir='experiments/qqp/ospa_regularize_0.0003', tokenizer='bert-base-uncased', max_seq_length=128, d_model=512, nhead=8, num_layers=6, dim_feedforward=2048, dropout=0.1, enforce_mode='regularize', ortho_penalty_weight=0.0003, batch_size=32, learning_rate=5e-05, weight_decay=0.01, epochs=3, seed=42, num_workers=0)
2025-03-25 18:59:55 - ospa - INFO - Loading qqp dataset...
2025-03-25 18:59:57 - ospa - INFO - Preprocessing datasets...
2025-03-25 19:00:44 - ospa - INFO - Preparing data loaders...
2025-03-25 19:01:21 - ospa - INFO - Creating OSPA Transformer model...
2025-03-25 19:01:22 - ospa - INFO - Model has 34,543,618 parameters
2025-03-25 19:01:22 - ospa - INFO - Starting training...
2025-03-25 19:01:22 - ospa - INFO - Epoch 1/3
2025-03-25 19:09:46 - ospa - INFO - Train Loss: 0.5454, Train Acc: 0.7240
2025-03-25 19:10:04 - ospa - INFO - Eval Loss: 0.5073, Accuracy: 0.7592
2025-03-25 19:10:05 - ospa - INFO - New best model saved with accuracy = 0.7592
2025-03-25 19:10:05 - ospa - INFO - Epoch 2/3
2025-03-25 19:18:30 - ospa - INFO - Train Loss: 0.4859, Train Acc: 0.7673
2025-03-25 19:18:48 - ospa - INFO - Eval Loss: 0.4719, Accuracy: 0.7812
2025-03-25 19:18:49 - ospa - INFO - New best model saved with accuracy = 0.7812
2025-03-25 19:18:49 - ospa - INFO - Epoch 3/3
2025-03-25 19:27:14 - ospa - INFO - Train Loss: 0.4455, Train Acc: 0.7915
2025-03-25 19:27:32 - ospa - INFO - Eval Loss: 0.4601, Accuracy: 0.7897
2025-03-25 19:27:32 - ospa - INFO - New best model saved with accuracy = 0.7897
2025-03-25 19:27:32 - ospa - INFO - Training completed. Best accuracy: 0.7897
