2025-04-02 11:25:25 - ospa - INFO - Logging to experiments/large_scale/large_sst2/sst2_regularize_20250402-112525/ospa_20250402-112525.log
2025-04-02 11:25:25 - ospa - INFO - Arguments: Namespace(task='sst2', data_dir='./data', output_dir='experiments/large_scale/large_sst2', tokenizer='bert-base-uncased', max_seq_length=128, d_model=768, nhead=12, num_layers=12, dim_feedforward=3072, dropout=0.1, enforce_mode='regularize', ortho_penalty_weight=0.0005, batch_size=16, learning_rate=2e-05, weight_decay=0.01, epochs=8, seed=42, num_workers=0)
2025-04-02 11:25:25 - ospa - INFO - Loading sst2 dataset...
2025-04-02 11:25:29 - ospa - INFO - Preprocessing datasets...
2025-04-02 11:25:33 - ospa - INFO - Preparing data loaders...
2025-04-02 11:25:40 - ospa - INFO - Creating OSPA Transformer model...
2025-04-02 11:25:44 - ospa - INFO - Model has 108,498,434 parameters
2025-04-02 11:25:44 - ospa - INFO - Starting training...
2025-04-02 11:25:44 - ospa - INFO - Epoch 1/8
2025-04-02 11:32:32 - ospa - INFO - Train Loss: 0.6241, Train Acc: 0.6636
2025-04-02 11:32:34 - ospa - INFO - Eval Loss: 0.6066, Accuracy: 0.6938
2025-04-02 11:32:35 - ospa - INFO - New best model saved with accuracy = 0.6938
2025-04-02 11:32:35 - ospa - INFO - Epoch 2/8
2025-04-02 11:39:22 - ospa - INFO - Train Loss: 0.5491, Train Acc: 0.7381
2025-04-02 11:39:24 - ospa - INFO - Eval Loss: 0.5615, Accuracy: 0.7271
2025-04-02 11:39:25 - ospa - INFO - New best model saved with accuracy = 0.7271
2025-04-02 11:39:25 - ospa - INFO - Epoch 3/8
2025-04-02 11:46:12 - ospa - INFO - Train Loss: 0.4918, Train Acc: 0.7774
2025-04-02 11:46:14 - ospa - INFO - Eval Loss: 0.5491, Accuracy: 0.7534
2025-04-02 11:46:15 - ospa - INFO - New best model saved with accuracy = 0.7534
2025-04-02 11:46:15 - ospa - INFO - Epoch 4/8
2025-04-02 11:53:02 - ospa - INFO - Train Loss: 0.4382, Train Acc: 0.8116
2025-04-02 11:53:03 - ospa - INFO - Eval Loss: 0.6160, Accuracy: 0.7546
2025-04-02 11:53:04 - ospa - INFO - New best model saved with accuracy = 0.7546
2025-04-02 11:53:04 - ospa - INFO - Epoch 5/8
2025-04-02 11:59:51 - ospa - INFO - Train Loss: 0.3897, Train Acc: 0.8368
2025-04-02 11:59:53 - ospa - INFO - Eval Loss: 0.6188, Accuracy: 0.7638
2025-04-02 11:59:54 - ospa - INFO - New best model saved with accuracy = 0.7638
2025-04-02 11:59:54 - ospa - INFO - Epoch 6/8
2025-04-02 12:06:41 - ospa - INFO - Train Loss: 0.3528, Train Acc: 0.8565
2025-04-02 12:06:43 - ospa - INFO - Eval Loss: 0.5439, Accuracy: 0.7752
2025-04-02 12:06:43 - ospa - INFO - New best model saved with accuracy = 0.7752
2025-04-02 12:06:43 - ospa - INFO - Epoch 7/8
2025-04-02 12:13:30 - ospa - INFO - Train Loss: 0.3246, Train Acc: 0.8720
2025-04-02 12:13:32 - ospa - INFO - Eval Loss: 0.6307, Accuracy: 0.7741
2025-04-02 12:13:32 - ospa - INFO - Epoch 8/8
2025-04-02 12:20:19 - ospa - INFO - Train Loss: 0.3126, Train Acc: 0.8765
2025-04-02 12:20:21 - ospa - INFO - Eval Loss: 0.6254, Accuracy: 0.7741
2025-04-02 12:20:21 - ospa - INFO - Training completed. Best accuracy: 0.7752
