2025-03-24 13:23:56 - ospa - INFO - Logging to experiments/qqp/ospa_regularize_0.005/qqp_regularize_20250324-132356/ospa_20250324-132356.log
2025-03-24 13:23:56 - ospa - INFO - Arguments: Namespace(task='qqp', data_dir='./data', output_dir='experiments/qqp/ospa_regularize_0.005', tokenizer='bert-base-uncased', max_seq_length=128, d_model=512, nhead=8, num_layers=6, dim_feedforward=2048, dropout=0.1, enforce_mode='regularize', ortho_penalty_weight=0.005, batch_size=32, learning_rate=5e-05, weight_decay=0.01, epochs=3, seed=42, num_workers=0)
2025-03-24 13:23:56 - ospa - INFO - Loading qqp dataset...
2025-03-24 13:23:59 - ospa - INFO - Preprocessing datasets...
2025-03-24 13:24:45 - ospa - INFO - Preparing data loaders...
2025-03-24 13:25:23 - ospa - INFO - Creating OSPA Transformer model...
2025-03-24 13:25:23 - ospa - INFO - Model has 34,543,618 parameters
2025-03-24 13:25:23 - ospa - INFO - Starting training...
2025-03-24 13:25:23 - ospa - INFO - Epoch 1/3
2025-03-24 13:33:48 - ospa - INFO - Train Loss: 0.5810, Train Acc: 0.7221
2025-03-24 13:34:06 - ospa - INFO - Eval Loss: 0.5501, Accuracy: 0.7544
2025-03-24 13:34:07 - ospa - INFO - New best model saved with accuracy = 0.7544
2025-03-24 13:34:07 - ospa - INFO - Epoch 2/3
2025-03-24 13:42:31 - ospa - INFO - Train Loss: 0.5282, Train Acc: 0.7633
2025-03-24 13:42:49 - ospa - INFO - Eval Loss: 0.5037, Accuracy: 0.7814
2025-03-24 13:42:50 - ospa - INFO - New best model saved with accuracy = 0.7814
2025-03-24 13:42:50 - ospa - INFO - Epoch 3/3
2025-03-24 13:51:15 - ospa - INFO - Train Loss: 0.4802, Train Acc: 0.7861
2025-03-24 13:51:33 - ospa - INFO - Eval Loss: 0.4855, Accuracy: 0.7888
2025-03-24 13:51:33 - ospa - INFO - New best model saved with accuracy = 0.7888
2025-03-24 13:51:33 - ospa - INFO - Training completed. Best accuracy: 0.7888
