2025-03-25 19:02:20 - ospa - INFO - Logging to experiments/mnli/ospa_regularize_0.0003/mnli_regularize_20250325-190220/ospa_20250325-190220.log
2025-03-25 19:02:20 - ospa - INFO - Arguments: Namespace(task='mnli', data_dir='./data', output_dir='experiments/mnli/ospa_regularize_0.0003', tokenizer='bert-base-uncased', max_seq_length=128, d_model=512, nhead=8, num_layers=6, dim_feedforward=2048, dropout=0.1, enforce_mode='regularize', ortho_penalty_weight=0.0003, batch_size=32, learning_rate=3e-05, weight_decay=0.01, epochs=3, seed=42, num_workers=0)
2025-03-25 19:02:20 - ospa - INFO - Loading mnli dataset...
2025-03-25 19:02:23 - ospa - INFO - Preprocessing datasets...
2025-03-25 19:02:49 - ospa - INFO - Preparing data loaders...
2025-03-25 19:03:27 - ospa - INFO - Creating OSPA Transformer model...
2025-03-25 19:03:28 - ospa - INFO - Model has 34,544,131 parameters
2025-03-25 19:03:28 - ospa - INFO - Starting training...
2025-03-25 19:03:28 - ospa - INFO - Epoch 1/3
2025-03-25 19:12:34 - ospa - INFO - Train Loss: 1.0559, Train Acc: 0.4417
2025-03-25 19:12:38 - ospa - INFO - Eval Loss: 1.0586, Accuracy: 0.4634
2025-03-25 19:12:38 - ospa - INFO - New best model saved with accuracy = 0.4634
2025-03-25 19:12:38 - ospa - INFO - Epoch 2/3
2025-03-25 19:21:45 - ospa - INFO - Train Loss: 1.0241, Train Acc: 0.4793
2025-03-25 19:21:49 - ospa - INFO - Eval Loss: 1.0174, Accuracy: 0.4855
2025-03-25 19:21:50 - ospa - INFO - New best model saved with accuracy = 0.4855
2025-03-25 19:21:50 - ospa - INFO - Epoch 3/3
2025-03-25 19:30:56 - ospa - INFO - Train Loss: 1.0072, Train Acc: 0.4948
2025-03-25 19:31:00 - ospa - INFO - Eval Loss: 1.0267, Accuracy: 0.4751
2025-03-25 19:31:00 - ospa - INFO - Training completed. Best accuracy: 0.4855
