2025-03-25 20:57:37 - ospa - INFO - Logging to experiments/mnli/ospa_regularize_0.003/mnli_regularize_20250325-205737/ospa_20250325-205737.log
2025-03-25 20:57:37 - ospa - INFO - Arguments: Namespace(task='mnli', data_dir='./data', output_dir='experiments/mnli/ospa_regularize_0.003', tokenizer='bert-base-uncased', max_seq_length=128, d_model=512, nhead=8, num_layers=6, dim_feedforward=2048, dropout=0.1, enforce_mode='regularize', ortho_penalty_weight=0.003, batch_size=32, learning_rate=3e-05, weight_decay=0.01, epochs=3, seed=42, num_workers=0)
2025-03-25 20:57:37 - ospa - INFO - Loading mnli dataset...
2025-03-25 20:57:40 - ospa - INFO - Preprocessing datasets...
2025-03-25 20:58:07 - ospa - INFO - Preparing data loaders...
2025-03-25 20:58:48 - ospa - INFO - Creating OSPA Transformer model...
2025-03-25 20:58:49 - ospa - INFO - Model has 34,544,131 parameters
2025-03-25 20:58:49 - ospa - INFO - Starting training...
2025-03-25 20:58:49 - ospa - INFO - Epoch 1/3
2025-03-25 21:07:55 - ospa - INFO - Train Loss: 1.0685, Train Acc: 0.4378
2025-03-25 21:08:00 - ospa - INFO - Eval Loss: 1.0634, Accuracy: 0.4663
2025-03-25 21:08:00 - ospa - INFO - New best model saved with accuracy = 0.4663
2025-03-25 21:08:00 - ospa - INFO - Epoch 2/3
2025-03-25 21:17:08 - ospa - INFO - Train Loss: 1.0375, Train Acc: 0.4777
2025-03-25 21:17:12 - ospa - INFO - Eval Loss: 1.0280, Accuracy: 0.4845
2025-03-25 21:17:13 - ospa - INFO - New best model saved with accuracy = 0.4845
2025-03-25 21:17:13 - ospa - INFO - Epoch 3/3
2025-03-25 21:26:21 - ospa - INFO - Train Loss: 1.0183, Train Acc: 0.4926
2025-03-25 21:26:26 - ospa - INFO - Eval Loss: 1.0303, Accuracy: 0.4815
2025-03-25 21:26:26 - ospa - INFO - Training completed. Best accuracy: 0.4845
