2025-03-20 15:32:55 - ospa - INFO - Logging to experiments/sst2/ospa_regularize_0.001/sst2_regularize_20250320-153255/ospa_20250320-153255.log
2025-03-20 15:32:55 - ospa - INFO - Arguments: Namespace(task='sst2', data_dir='./data', output_dir='experiments/sst2/ospa_regularize_0.001', tokenizer='bert-base-uncased', max_seq_length=128, d_model=512, nhead=8, num_layers=6, dim_feedforward=2048, dropout=0.1, enforce_mode='regularize', ortho_penalty_weight=0.001, batch_size=32, learning_rate=5e-05, weight_decay=0.01, epochs=3, seed=42, num_workers=0)
2025-03-20 15:32:55 - ospa - INFO - Loading sst2 dataset...
2025-03-20 15:33:01 - ospa - INFO - Preprocessing datasets...
2025-03-20 15:33:05 - ospa - INFO - Preparing data loaders...
2025-03-20 15:33:11 - ospa - INFO - Creating OSPA Transformer model...
2025-03-20 15:33:12 - ospa - INFO - Model has 34,543,618 parameters
2025-03-20 15:33:12 - ospa - INFO - Starting training...
2025-03-20 15:33:12 - ospa - INFO - Epoch 1/3
2025-03-20 15:34:47 - ospa - INFO - Train Loss: 0.6176, Train Acc: 0.6704
2025-03-20 15:34:47 - ospa - INFO - Eval Loss: 0.5817, Accuracy: 0.7018
2025-03-20 15:34:47 - ospa - INFO - New best model saved with accuracy = 0.7018
2025-03-20 15:34:47 - ospa - INFO - Epoch 2/3
2025-03-20 15:36:21 - ospa - INFO - Train Loss: 0.5285, Train Acc: 0.7464
2025-03-20 15:36:22 - ospa - INFO - Eval Loss: 0.6403, Accuracy: 0.7236
2025-03-20 15:36:22 - ospa - INFO - New best model saved with accuracy = 0.7236
2025-03-20 15:36:22 - ospa - INFO - Epoch 3/3
2025-03-20 15:37:56 - ospa - INFO - Train Loss: 0.4696, Train Acc: 0.7869
2025-03-20 15:37:56 - ospa - INFO - Eval Loss: 0.5898, Accuracy: 0.7305
2025-03-20 15:37:57 - ospa - INFO - New best model saved with accuracy = 0.7305
2025-03-20 15:37:57 - ospa - INFO - Training completed. Best accuracy: 0.7305
