2025-03-25 20:29:14 - ospa - INFO - Logging to experiments/mnli/ospa_regularize_0.001/mnli_regularize_20250325-202914/ospa_20250325-202914.log
2025-03-25 20:29:14 - ospa - INFO - Arguments: Namespace(task='mnli', data_dir='./data', output_dir='experiments/mnli/ospa_regularize_0.001', tokenizer='bert-base-uncased', max_seq_length=128, d_model=512, nhead=8, num_layers=6, dim_feedforward=2048, dropout=0.1, enforce_mode='regularize', ortho_penalty_weight=0.001, batch_size=32, learning_rate=3e-05, weight_decay=0.01, epochs=3, seed=42, num_workers=0)
2025-03-25 20:29:14 - ospa - INFO - Loading mnli dataset...
2025-03-25 20:29:17 - ospa - INFO - Preprocessing datasets...
2025-03-25 20:29:17 - ospa - INFO - Preparing data loaders...
2025-03-25 20:29:55 - ospa - INFO - Creating OSPA Transformer model...
2025-03-25 20:29:55 - ospa - INFO - Model has 34,544,131 parameters
2025-03-25 20:29:55 - ospa - INFO - Starting training...
2025-03-25 20:29:55 - ospa - INFO - Epoch 1/3
2025-03-25 20:39:02 - ospa - INFO - Train Loss: 1.0630, Train Acc: 0.4375
2025-03-25 20:39:07 - ospa - INFO - Eval Loss: 1.0643, Accuracy: 0.4672
2025-03-25 20:39:07 - ospa - INFO - New best model saved with accuracy = 0.4672
2025-03-25 20:39:07 - ospa - INFO - Epoch 2/3
2025-03-25 20:48:15 - ospa - INFO - Train Loss: 1.0305, Train Acc: 0.4772
2025-03-25 20:48:20 - ospa - INFO - Eval Loss: 1.0200, Accuracy: 0.4901
2025-03-25 20:48:20 - ospa - INFO - New best model saved with accuracy = 0.4901
2025-03-25 20:48:20 - ospa - INFO - Epoch 3/3
2025-03-25 20:57:28 - ospa - INFO - Train Loss: 1.0120, Train Acc: 0.4934
2025-03-25 20:57:32 - ospa - INFO - Eval Loss: 1.0248, Accuracy: 0.4805
2025-03-25 20:57:32 - ospa - INFO - Training completed. Best accuracy: 0.4901
