2025-03-25 19:55:20 - ospa - INFO - Logging to experiments/qqp/ospa_regularize_0.0007/qqp_regularize_20250325-195520/ospa_20250325-195520.log
2025-03-25 19:55:20 - ospa - INFO - Arguments: Namespace(task='qqp', data_dir='./data', output_dir='experiments/qqp/ospa_regularize_0.0007', tokenizer='bert-base-uncased', max_seq_length=128, d_model=512, nhead=8, num_layers=6, dim_feedforward=2048, dropout=0.1, enforce_mode='regularize', ortho_penalty_weight=0.0007, batch_size=32, learning_rate=5e-05, weight_decay=0.01, epochs=3, seed=42, num_workers=0)
2025-03-25 19:55:20 - ospa - INFO - Loading qqp dataset...
2025-03-25 19:55:24 - ospa - INFO - Preprocessing datasets...
2025-03-25 19:56:10 - ospa - INFO - Preparing data loaders...
2025-03-25 19:56:51 - ospa - INFO - Creating OSPA Transformer model...
2025-03-25 19:56:52 - ospa - INFO - Model has 34,543,618 parameters
2025-03-25 19:56:52 - ospa - INFO - Starting training...
2025-03-25 19:56:52 - ospa - INFO - Epoch 1/3
2025-03-25 20:05:17 - ospa - INFO - Train Loss: 0.5532, Train Acc: 0.7236
2025-03-25 20:05:35 - ospa - INFO - Eval Loss: 0.5090, Accuracy: 0.7606
2025-03-25 20:05:36 - ospa - INFO - New best model saved with accuracy = 0.7606
2025-03-25 20:05:36 - ospa - INFO - Epoch 2/3
2025-03-25 20:14:07 - ospa - INFO - Train Loss: 0.4963, Train Acc: 0.7653
2025-03-25 20:14:25 - ospa - INFO - Eval Loss: 0.4716, Accuracy: 0.7810
2025-03-25 20:14:25 - ospa - INFO - New best model saved with accuracy = 0.7810
2025-03-25 20:14:25 - ospa - INFO - Epoch 3/3
2025-03-25 20:22:52 - ospa - INFO - Train Loss: 0.4544, Train Acc: 0.7895
2025-03-25 20:23:10 - ospa - INFO - Eval Loss: 0.4647, Accuracy: 0.7884
2025-03-25 20:23:10 - ospa - INFO - New best model saved with accuracy = 0.7884
2025-03-25 20:23:10 - ospa - INFO - Training completed. Best accuracy: 0.7884
