2025-03-20 17:51:08 - ospa - INFO - Logging to experiments/sst2/baseline/sst2_init_20250320-175108/ospa_20250320-175108.log
2025-03-20 17:51:08 - ospa - INFO - Arguments: Namespace(task='sst2', data_dir='./data', output_dir='experiments/sst2/baseline', tokenizer='bert-base-uncased', max_seq_length=128, d_model=512, nhead=8, num_layers=6, dim_feedforward=2048, dropout=0.1, enforce_mode='init', ortho_penalty_weight=0.0, batch_size=32, learning_rate=5e-05, weight_decay=0.01, epochs=3, seed=42, num_workers=0)
2025-03-20 17:51:08 - ospa - INFO - Loading sst2 dataset...
2025-03-20 17:51:17 - ospa - INFO - Preprocessing datasets...
2025-03-20 17:51:18 - ospa - INFO - Preparing data loaders...
2025-03-20 17:51:24 - ospa - INFO - Creating OSPA Transformer model...
2025-03-20 17:51:25 - ospa - INFO - Model has 34,543,618 parameters
2025-03-20 17:51:25 - ospa - INFO - Starting training...
2025-03-20 17:51:25 - ospa - INFO - Epoch 1/3
2025-03-20 17:52:52 - ospa - INFO - Train Loss: 0.6023, Train Acc: 0.6703
2025-03-20 17:52:52 - ospa - INFO - Eval Loss: 0.5632, Accuracy: 0.7099
2025-03-20 17:52:53 - ospa - INFO - New best model saved with accuracy = 0.7099
2025-03-20 17:52:53 - ospa - INFO - Epoch 2/3
2025-03-20 17:54:20 - ospa - INFO - Train Loss: 0.5031, Train Acc: 0.7502
2025-03-20 17:54:20 - ospa - INFO - Eval Loss: 0.5669, Accuracy: 0.7397
2025-03-20 17:54:21 - ospa - INFO - New best model saved with accuracy = 0.7397
2025-03-20 17:54:21 - ospa - INFO - Epoch 3/3
2025-03-20 17:55:48 - ospa - INFO - Train Loss: 0.4452, Train Acc: 0.7892
2025-03-20 17:55:48 - ospa - INFO - Eval Loss: 0.5538, Accuracy: 0.7351
2025-03-20 17:55:48 - ospa - INFO - Training completed. Best accuracy: 0.7397
