2025-03-24 13:51:39 - ospa - INFO - Logging to experiments/qqp/ospa_regularize_0.01/qqp_regularize_20250324-135138/ospa_20250324-135139.log
2025-03-24 13:51:39 - ospa - INFO - Arguments: Namespace(task='qqp', data_dir='./data', output_dir='experiments/qqp/ospa_regularize_0.01', tokenizer='bert-base-uncased', max_seq_length=128, d_model=512, nhead=8, num_layers=6, dim_feedforward=2048, dropout=0.1, enforce_mode='regularize', ortho_penalty_weight=0.01, batch_size=32, learning_rate=5e-05, weight_decay=0.01, epochs=3, seed=42, num_workers=0)
2025-03-24 13:51:39 - ospa - INFO - Loading qqp dataset...
2025-03-24 13:51:41 - ospa - INFO - Preprocessing datasets...
2025-03-24 13:52:28 - ospa - INFO - Preparing data loaders...
2025-03-24 13:53:05 - ospa - INFO - Creating OSPA Transformer model...
2025-03-24 13:53:06 - ospa - INFO - Model has 34,543,618 parameters
2025-03-24 13:53:06 - ospa - INFO - Starting training...
2025-03-24 13:53:06 - ospa - INFO - Epoch 1/3
2025-03-24 14:01:31 - ospa - INFO - Train Loss: 0.6001, Train Acc: 0.7213
2025-03-24 14:01:50 - ospa - INFO - Eval Loss: 0.5814, Accuracy: 0.7558
2025-03-24 14:01:50 - ospa - INFO - New best model saved with accuracy = 0.7558
2025-03-24 14:01:50 - ospa - INFO - Epoch 2/3
2025-03-24 14:10:16 - ospa - INFO - Train Loss: 0.5512, Train Acc: 0.7644
2025-03-24 14:10:34 - ospa - INFO - Eval Loss: 0.5299, Accuracy: 0.7798
2025-03-24 14:10:34 - ospa - INFO - New best model saved with accuracy = 0.7798
2025-03-24 14:10:34 - ospa - INFO - Epoch 3/3
2025-03-24 14:19:00 - ospa - INFO - Train Loss: 0.4999, Train Acc: 0.7870
2025-03-24 14:19:19 - ospa - INFO - Eval Loss: 0.5064, Accuracy: 0.7858
2025-03-24 14:19:19 - ospa - INFO - New best model saved with accuracy = 0.7858
2025-03-24 14:19:19 - ospa - INFO - Training completed. Best accuracy: 0.7858
