2025-03-24 12:26:17 - ospa - INFO - Logging to experiments/sst2_tuning/ospa_regularize_0.003/sst2_regularize_20250324-122617/ospa_20250324-122617.log
2025-03-24 12:26:17 - ospa - INFO - Arguments: Namespace(task='sst2', data_dir='./data', output_dir='experiments/sst2_tuning/ospa_regularize_0.003', tokenizer='bert-base-uncased', max_seq_length=128, d_model=512, nhead=8, num_layers=6, dim_feedforward=2048, dropout=0.1, enforce_mode='regularize', ortho_penalty_weight=0.003, batch_size=32, learning_rate=5e-05, weight_decay=0.02, epochs=5, seed=42, num_workers=0)
2025-03-24 12:26:17 - ospa - INFO - Loading sst2 dataset...
2025-03-24 12:26:22 - ospa - INFO - Preprocessing datasets...
2025-03-24 12:26:25 - ospa - INFO - Preparing data loaders...
2025-03-24 12:26:32 - ospa - INFO - Creating OSPA Transformer model...
2025-03-24 12:26:32 - ospa - INFO - Model has 34,543,618 parameters
2025-03-24 12:26:32 - ospa - INFO - Starting training...
2025-03-24 12:26:32 - ospa - INFO - Epoch 1/5
2025-03-24 12:28:06 - ospa - INFO - Train Loss: 0.6334, Train Acc: 0.6637
2025-03-24 12:28:06 - ospa - INFO - Eval Loss: 0.6010, Accuracy: 0.7041
2025-03-24 12:28:06 - ospa - INFO - New best model saved with accuracy = 0.7041
2025-03-24 12:28:06 - ospa - INFO - Epoch 2/5
2025-03-24 12:29:40 - ospa - INFO - Train Loss: 0.5538, Train Acc: 0.7387
2025-03-24 12:29:41 - ospa - INFO - Eval Loss: 0.6391, Accuracy: 0.7156
2025-03-24 12:29:41 - ospa - INFO - New best model saved with accuracy = 0.7156
2025-03-24 12:29:41 - ospa - INFO - Epoch 3/5
2025-03-24 12:31:15 - ospa - INFO - Train Loss: 0.4836, Train Acc: 0.7901
2025-03-24 12:31:15 - ospa - INFO - Eval Loss: 0.5702, Accuracy: 0.7466
2025-03-24 12:31:16 - ospa - INFO - New best model saved with accuracy = 0.7466
2025-03-24 12:31:16 - ospa - INFO - Epoch 4/5
2025-03-24 12:32:49 - ospa - INFO - Train Loss: 0.4143, Train Acc: 0.8296
2025-03-24 12:32:50 - ospa - INFO - Eval Loss: 0.5884, Accuracy: 0.7546
2025-03-24 12:32:50 - ospa - INFO - New best model saved with accuracy = 0.7546
2025-03-24 12:32:50 - ospa - INFO - Epoch 5/5
2025-03-24 12:34:24 - ospa - INFO - Train Loss: 0.3756, Train Acc: 0.8496
2025-03-24 12:34:24 - ospa - INFO - Eval Loss: 0.5935, Accuracy: 0.7557
2025-03-24 12:34:25 - ospa - INFO - New best model saved with accuracy = 0.7557
2025-03-24 12:34:25 - ospa - INFO - Training completed. Best accuracy: 0.7557
