2025-03-25 20:50:13 - ospa - INFO - Logging to experiments/qqp/ospa_regularize_0.003/qqp_regularize_20250325-205013/ospa_20250325-205013.log
2025-03-25 20:50:13 - ospa - INFO - Arguments: Namespace(task='qqp', data_dir='./data', output_dir='experiments/qqp/ospa_regularize_0.003', tokenizer='bert-base-uncased', max_seq_length=128, d_model=512, nhead=8, num_layers=6, dim_feedforward=2048, dropout=0.1, enforce_mode='regularize', ortho_penalty_weight=0.003, batch_size=32, learning_rate=5e-05, weight_decay=0.01, epochs=3, seed=42, num_workers=0)
2025-03-25 20:50:13 - ospa - INFO - Loading qqp dataset...
2025-03-25 20:50:18 - ospa - INFO - Preprocessing datasets...
2025-03-25 20:51:04 - ospa - INFO - Preparing data loaders...
2025-03-25 20:51:42 - ospa - INFO - Creating OSPA Transformer model...
2025-03-25 20:51:42 - ospa - INFO - Model has 34,543,618 parameters
2025-03-25 20:51:42 - ospa - INFO - Starting training...
2025-03-25 20:51:42 - ospa - INFO - Epoch 1/3
2025-03-25 21:00:07 - ospa - INFO - Train Loss: 0.5706, Train Acc: 0.7215
2025-03-25 21:00:25 - ospa - INFO - Eval Loss: 0.5338, Accuracy: 0.7593
2025-03-25 21:00:25 - ospa - INFO - New best model saved with accuracy = 0.7593
2025-03-25 21:00:25 - ospa - INFO - Epoch 2/3
2025-03-25 21:08:50 - ospa - INFO - Train Loss: 0.5151, Train Acc: 0.7646
2025-03-25 21:09:08 - ospa - INFO - Eval Loss: 0.4983, Accuracy: 0.7799
2025-03-25 21:09:09 - ospa - INFO - New best model saved with accuracy = 0.7799
2025-03-25 21:09:09 - ospa - INFO - Epoch 3/3
2025-03-25 21:17:33 - ospa - INFO - Train Loss: 0.4695, Train Acc: 0.7868
2025-03-25 21:17:52 - ospa - INFO - Eval Loss: 0.4745, Accuracy: 0.7870
2025-03-25 21:17:52 - ospa - INFO - New best model saved with accuracy = 0.7870
2025-03-25 21:17:52 - ospa - INFO - Training completed. Best accuracy: 0.7870
