2025-03-25 21:54:52 - ospa - INFO - Logging to experiments/mnli/ospa_regularize_0.01/mnli_regularize_20250325-215452/ospa_20250325-215452.log
2025-03-25 21:54:52 - ospa - INFO - Arguments: Namespace(task='mnli', data_dir='./data', output_dir='experiments/mnli/ospa_regularize_0.01', tokenizer='bert-base-uncased', max_seq_length=128, d_model=512, nhead=8, num_layers=6, dim_feedforward=2048, dropout=0.1, enforce_mode='regularize', ortho_penalty_weight=0.01, batch_size=32, learning_rate=3e-05, weight_decay=0.01, epochs=3, seed=42, num_workers=0)
2025-03-25 21:54:52 - ospa - INFO - Loading mnli dataset...
2025-03-25 21:54:56 - ospa - INFO - Preprocessing datasets...
2025-03-25 21:54:56 - ospa - INFO - Preparing data loaders...
2025-03-25 21:55:34 - ospa - INFO - Creating OSPA Transformer model...
2025-03-25 21:55:35 - ospa - INFO - Model has 34,544,131 parameters
2025-03-25 21:55:35 - ospa - INFO - Starting training...
2025-03-25 21:55:35 - ospa - INFO - Epoch 1/3
2025-03-25 22:04:41 - ospa - INFO - Train Loss: 1.0823, Train Acc: 0.4364
2025-03-25 22:04:46 - ospa - INFO - Eval Loss: 1.0672, Accuracy: 0.4686
2025-03-25 22:04:46 - ospa - INFO - New best model saved with accuracy = 0.4686
2025-03-25 22:04:46 - ospa - INFO - Epoch 2/3
2025-03-25 22:13:53 - ospa - INFO - Train Loss: 1.0543, Train Acc: 0.4768
2025-03-25 22:13:57 - ospa - INFO - Eval Loss: 1.0433, Accuracy: 0.4844
2025-03-25 22:13:57 - ospa - INFO - New best model saved with accuracy = 0.4844
2025-03-25 22:13:57 - ospa - INFO - Epoch 3/3
2025-03-25 22:23:04 - ospa - INFO - Train Loss: 1.0328, Train Acc: 0.4917
2025-03-25 22:23:08 - ospa - INFO - Eval Loss: 1.0451, Accuracy: 0.4729
2025-03-25 22:23:08 - ospa - INFO - Training completed. Best accuracy: 0.4844
