2025-03-24 12:24:29 - ospa - INFO - Logging to experiments/mnli/baseline/mnli_init_20250324-122429/ospa_20250324-122429.log
2025-03-24 12:24:29 - ospa - INFO - Arguments: Namespace(task='mnli', data_dir='./data', output_dir='experiments/mnli/baseline', tokenizer='bert-base-uncased', max_seq_length=128, d_model=512, nhead=8, num_layers=6, dim_feedforward=2048, dropout=0.1, enforce_mode='init', ortho_penalty_weight=0.0, batch_size=32, learning_rate=3e-05, weight_decay=0.01, epochs=3, seed=42, num_workers=0)
2025-03-24 12:24:29 - ospa - INFO - Loading mnli dataset...
2025-03-24 12:24:35 - ospa - INFO - Preprocessing datasets...
2025-03-24 12:25:01 - ospa - INFO - Preparing data loaders...
2025-03-24 12:25:39 - ospa - INFO - Creating OSPA Transformer model...
2025-03-24 12:25:39 - ospa - INFO - Model has 34,544,131 parameters
2025-03-24 12:25:39 - ospa - INFO - Starting training...
2025-03-24 12:25:39 - ospa - INFO - Epoch 1/3
2025-03-24 12:34:08 - ospa - INFO - Train Loss: 1.0493, Train Acc: 0.4443
2025-03-24 12:34:12 - ospa - INFO - Eval Loss: 1.0429, Accuracy: 0.4711
2025-03-24 12:34:13 - ospa - INFO - New best model saved with accuracy = 0.4711
2025-03-24 12:34:13 - ospa - INFO - Epoch 2/3
2025-03-24 12:42:41 - ospa - INFO - Train Loss: 1.0169, Train Acc: 0.4797
2025-03-24 12:42:46 - ospa - INFO - Eval Loss: 1.0073, Accuracy: 0.4940
2025-03-24 12:42:46 - ospa - INFO - New best model saved with accuracy = 0.4940
2025-03-24 12:42:46 - ospa - INFO - Epoch 3/3
2025-03-24 12:51:15 - ospa - INFO - Train Loss: 1.0002, Train Acc: 0.4953
2025-03-24 12:51:19 - ospa - INFO - Eval Loss: 1.0155, Accuracy: 0.4831
2025-03-24 12:51:19 - ospa - INFO - Training completed. Best accuracy: 0.4940
