2025-03-24 13:07:11 - ospa - INFO - Logging to experiments/sst2_tuning/ospa_layers_4/sst2_regularize_20250324-130711/ospa_20250324-130711.log
2025-03-24 13:07:11 - ospa - INFO - Arguments: Namespace(task='sst2', data_dir='./data', output_dir='experiments/sst2_tuning/ospa_layers_4', tokenizer='bert-base-uncased', max_seq_length=128, d_model=512, nhead=8, num_layers=4, dim_feedforward=2048, dropout=0.1, enforce_mode='regularize', ortho_penalty_weight=0.005, batch_size=32, learning_rate=5e-05, weight_decay=0.02, epochs=5, seed=42, num_workers=0)
2025-03-24 13:07:11 - ospa - INFO - Loading sst2 dataset...
2025-03-24 13:07:14 - ospa - INFO - Preprocessing datasets...
2025-03-24 13:07:18 - ospa - INFO - Preparing data loaders...
2025-03-24 13:07:24 - ospa - INFO - Creating OSPA Transformer model...
2025-03-24 13:07:24 - ospa - INFO - Model has 28,238,850 parameters
2025-03-24 13:07:24 - ospa - INFO - Starting training...
2025-03-24 13:07:24 - ospa - INFO - Epoch 1/5
2025-03-24 13:08:28 - ospa - INFO - Train Loss: 0.6375, Train Acc: 0.6681
2025-03-24 13:08:29 - ospa - INFO - Eval Loss: 0.6244, Accuracy: 0.6869
2025-03-24 13:08:29 - ospa - INFO - New best model saved with accuracy = 0.6869
2025-03-24 13:08:29 - ospa - INFO - Epoch 2/5
2025-03-24 13:09:33 - ospa - INFO - Train Loss: 0.5633, Train Acc: 0.7412
2025-03-24 13:09:33 - ospa - INFO - Eval Loss: 0.6078, Accuracy: 0.7328
2025-03-24 13:09:34 - ospa - INFO - New best model saved with accuracy = 0.7328
2025-03-24 13:09:34 - ospa - INFO - Epoch 3/5
2025-03-24 13:10:37 - ospa - INFO - Train Loss: 0.5014, Train Acc: 0.7875
2025-03-24 13:10:38 - ospa - INFO - Eval Loss: 0.6066, Accuracy: 0.7443
2025-03-24 13:10:38 - ospa - INFO - New best model saved with accuracy = 0.7443
2025-03-24 13:10:38 - ospa - INFO - Epoch 4/5
2025-03-24 13:11:42 - ospa - INFO - Train Loss: 0.4448, Train Acc: 0.8181
2025-03-24 13:11:42 - ospa - INFO - Eval Loss: 0.6068, Accuracy: 0.7443
2025-03-24 13:11:42 - ospa - INFO - Epoch 5/5
2025-03-24 13:12:46 - ospa - INFO - Train Loss: 0.4100, Train Acc: 0.8359
2025-03-24 13:12:47 - ospa - INFO - Eval Loss: 0.6036, Accuracy: 0.7511
2025-03-24 13:12:47 - ospa - INFO - New best model saved with accuracy = 0.7511
2025-03-24 13:12:47 - ospa - INFO - Training completed. Best accuracy: 0.7511
