2025-03-25 21:44:56 - ospa - INFO - Logging to experiments/qqp/ospa_regularize_0.01/qqp_regularize_20250325-214456/ospa_20250325-214456.log
2025-03-25 21:44:56 - ospa - INFO - Arguments: Namespace(task='qqp', data_dir='./data', output_dir='experiments/qqp/ospa_regularize_0.01', tokenizer='bert-base-uncased', max_seq_length=128, d_model=512, nhead=8, num_layers=6, dim_feedforward=2048, dropout=0.1, enforce_mode='regularize', ortho_penalty_weight=0.01, batch_size=32, learning_rate=5e-05, weight_decay=0.01, epochs=3, seed=42, num_workers=0)
2025-03-25 21:44:56 - ospa - INFO - Loading qqp dataset...
2025-03-25 21:44:58 - ospa - INFO - Preprocessing datasets...
2025-03-25 21:45:01 - ospa - INFO - Preparing data loaders...
2025-03-25 21:45:38 - ospa - INFO - Creating OSPA Transformer model...
2025-03-25 21:45:39 - ospa - INFO - Model has 34,543,618 parameters
2025-03-25 21:45:39 - ospa - INFO - Starting training...
2025-03-25 21:45:39 - ospa - INFO - Epoch 1/3
2025-03-25 21:54:04 - ospa - INFO - Train Loss: 0.6001, Train Acc: 0.7213
2025-03-25 21:54:22 - ospa - INFO - Eval Loss: 0.5814, Accuracy: 0.7558
2025-03-25 21:54:22 - ospa - INFO - New best model saved with accuracy = 0.7558
2025-03-25 21:54:22 - ospa - INFO - Epoch 2/3
2025-03-25 22:02:47 - ospa - INFO - Train Loss: 0.5512, Train Acc: 0.7644
2025-03-25 22:03:05 - ospa - INFO - Eval Loss: 0.5299, Accuracy: 0.7798
2025-03-25 22:03:06 - ospa - INFO - New best model saved with accuracy = 0.7798
2025-03-25 22:03:06 - ospa - INFO - Epoch 3/3
2025-03-25 22:11:30 - ospa - INFO - Train Loss: 0.4999, Train Acc: 0.7870
2025-03-25 22:11:48 - ospa - INFO - Eval Loss: 0.5064, Accuracy: 0.7858
2025-03-25 22:11:49 - ospa - INFO - New best model saved with accuracy = 0.7858
2025-03-25 22:11:49 - ospa - INFO - Training completed. Best accuracy: 0.7858
