2025-03-24 12:30:15 - ospa - INFO - Logging to experiments/qqp/baseline/qqp_init_20250324-123015/ospa_20250324-123015.log
2025-03-24 12:30:15 - ospa - INFO - Arguments: Namespace(task='qqp', data_dir='./data', output_dir='experiments/qqp/baseline', tokenizer='bert-base-uncased', max_seq_length=128, d_model=512, nhead=8, num_layers=6, dim_feedforward=2048, dropout=0.1, enforce_mode='init', ortho_penalty_weight=0.0, batch_size=32, learning_rate=5e-05, weight_decay=0.01, epochs=3, seed=42, num_workers=0)
2025-03-24 12:30:15 - ospa - INFO - Loading qqp dataset...
2025-03-24 12:30:21 - ospa - INFO - Preprocessing datasets...
2025-03-24 12:31:07 - ospa - INFO - Preparing data loaders...
2025-03-24 12:31:45 - ospa - INFO - Creating OSPA Transformer model...
2025-03-24 12:31:45 - ospa - INFO - Model has 34,543,618 parameters
2025-03-24 12:31:45 - ospa - INFO - Starting training...
2025-03-24 12:31:45 - ospa - INFO - Epoch 1/3
2025-03-24 12:39:33 - ospa - INFO - Train Loss: 0.5345, Train Acc: 0.7245
2025-03-24 12:39:50 - ospa - INFO - Eval Loss: 0.4871, Accuracy: 0.7617
2025-03-24 12:39:50 - ospa - INFO - New best model saved with accuracy = 0.7617
2025-03-24 12:39:50 - ospa - INFO - Epoch 2/3
2025-03-24 12:47:39 - ospa - INFO - Train Loss: 0.4727, Train Acc: 0.7673
2025-03-24 12:47:55 - ospa - INFO - Eval Loss: 0.4584, Accuracy: 0.7799
2025-03-24 12:47:56 - ospa - INFO - New best model saved with accuracy = 0.7799
2025-03-24 12:47:56 - ospa - INFO - Epoch 3/3
2025-03-24 12:55:46 - ospa - INFO - Train Loss: 0.4341, Train Acc: 0.7903
2025-03-24 12:56:03 - ospa - INFO - Eval Loss: 0.4460, Accuracy: 0.7880
2025-03-24 12:56:03 - ospa - INFO - New best model saved with accuracy = 0.7880
2025-03-24 12:56:03 - ospa - INFO - Training completed. Best accuracy: 0.7880
