2025-03-25 18:32:11 - ospa - INFO - Logging to experiments/qqp/ospa_regularize_0.0001/qqp_regularize_20250325-183211/ospa_20250325-183211.log
2025-03-25 18:32:11 - ospa - INFO - Arguments: Namespace(task='qqp', data_dir='./data', output_dir='experiments/qqp/ospa_regularize_0.0001', tokenizer='bert-base-uncased', max_seq_length=128, d_model=512, nhead=8, num_layers=6, dim_feedforward=2048, dropout=0.1, enforce_mode='regularize', ortho_penalty_weight=0.0001, batch_size=32, learning_rate=5e-05, weight_decay=0.01, epochs=3, seed=42, num_workers=0)
2025-03-25 18:32:11 - ospa - INFO - Loading qqp dataset...
2025-03-25 18:32:15 - ospa - INFO - Preprocessing datasets...
2025-03-25 18:33:01 - ospa - INFO - Preparing data loaders...
2025-03-25 18:33:38 - ospa - INFO - Creating OSPA Transformer model...
2025-03-25 18:33:39 - ospa - INFO - Model has 34,543,618 parameters
2025-03-25 18:33:39 - ospa - INFO - Starting training...
2025-03-25 18:33:39 - ospa - INFO - Epoch 1/3
2025-03-25 18:42:04 - ospa - INFO - Train Loss: 0.5394, Train Acc: 0.7246
2025-03-25 18:42:22 - ospa - INFO - Eval Loss: 0.4978, Accuracy: 0.7616
2025-03-25 18:42:22 - ospa - INFO - New best model saved with accuracy = 0.7616
2025-03-25 18:42:22 - ospa - INFO - Epoch 2/3
2025-03-25 18:50:47 - ospa - INFO - Train Loss: 0.4781, Train Acc: 0.7678
2025-03-25 18:51:05 - ospa - INFO - Eval Loss: 0.4622, Accuracy: 0.7823
2025-03-25 18:51:06 - ospa - INFO - New best model saved with accuracy = 0.7823
2025-03-25 18:51:06 - ospa - INFO - Epoch 3/3
2025-03-25 18:59:31 - ospa - INFO - Train Loss: 0.4386, Train Acc: 0.7920
2025-03-25 18:59:49 - ospa - INFO - Eval Loss: 0.4529, Accuracy: 0.7888
2025-03-25 18:59:49 - ospa - INFO - New best model saved with accuracy = 0.7888
2025-03-25 18:59:49 - ospa - INFO - Training completed. Best accuracy: 0.7888
