2025-03-24 12:50:50 - ospa - INFO - Logging to experiments/sst2_tuning/ospa_regularize_0.03/sst2_regularize_20250324-125050/ospa_20250324-125050.log
2025-03-24 12:50:50 - ospa - INFO - Arguments: Namespace(task='sst2', data_dir='./data', output_dir='experiments/sst2_tuning/ospa_regularize_0.03', tokenizer='bert-base-uncased', max_seq_length=128, d_model=512, nhead=8, num_layers=6, dim_feedforward=2048, dropout=0.1, enforce_mode='regularize', ortho_penalty_weight=0.03, batch_size=32, learning_rate=5e-05, weight_decay=0.02, epochs=5, seed=42, num_workers=0)
2025-03-24 12:50:50 - ospa - INFO - Loading sst2 dataset...
2025-03-24 12:50:52 - ospa - INFO - Preprocessing datasets...
2025-03-24 12:50:56 - ospa - INFO - Preparing data loaders...
2025-03-24 12:51:02 - ospa - INFO - Creating OSPA Transformer model...
2025-03-24 12:51:03 - ospa - INFO - Model has 34,543,618 parameters
2025-03-24 12:51:03 - ospa - INFO - Starting training...
2025-03-24 12:51:03 - ospa - INFO - Epoch 1/5
2025-03-24 12:52:37 - ospa - INFO - Train Loss: 0.6918, Train Acc: 0.6575
2025-03-24 12:52:37 - ospa - INFO - Eval Loss: 0.6658, Accuracy: 0.7007
2025-03-24 12:52:37 - ospa - INFO - New best model saved with accuracy = 0.7007
2025-03-24 12:52:37 - ospa - INFO - Epoch 2/5
2025-03-24 12:54:12 - ospa - INFO - Train Loss: 0.6340, Train Acc: 0.7362
2025-03-24 12:54:12 - ospa - INFO - Eval Loss: 0.7472, Accuracy: 0.7156
2025-03-24 12:54:13 - ospa - INFO - New best model saved with accuracy = 0.7156
2025-03-24 12:54:13 - ospa - INFO - Epoch 3/5
2025-03-24 12:55:46 - ospa - INFO - Train Loss: 0.5668, Train Acc: 0.7873
2025-03-24 12:55:47 - ospa - INFO - Eval Loss: 0.6350, Accuracy: 0.7362
2025-03-24 12:55:47 - ospa - INFO - New best model saved with accuracy = 0.7362
2025-03-24 12:55:47 - ospa - INFO - Epoch 4/5
2025-03-24 12:57:21 - ospa - INFO - Train Loss: 0.4935, Train Acc: 0.8249
2025-03-24 12:57:21 - ospa - INFO - Eval Loss: 0.6550, Accuracy: 0.7431
2025-03-24 12:57:22 - ospa - INFO - New best model saved with accuracy = 0.7431
2025-03-24 12:57:22 - ospa - INFO - Epoch 5/5
2025-03-24 12:58:55 - ospa - INFO - Train Loss: 0.4469, Train Acc: 0.8430
2025-03-24 12:58:56 - ospa - INFO - Eval Loss: 0.6773, Accuracy: 0.7362
2025-03-24 12:58:56 - ospa - INFO - Training completed. Best accuracy: 0.7431
