2025-04-02 11:25:27 - ospa - INFO - Logging to experiments/large_scale/large_sst2_baseline/sst2_init_20250402-112527/ospa_20250402-112527.log
2025-04-02 11:25:27 - ospa - INFO - Arguments: Namespace(task='sst2', data_dir='./data', output_dir='experiments/large_scale/large_sst2_baseline', tokenizer='bert-base-uncased', max_seq_length=128, d_model=768, nhead=12, num_layers=12, dim_feedforward=3072, dropout=0.1, enforce_mode='init', ortho_penalty_weight=0.0, batch_size=16, learning_rate=2e-05, weight_decay=0.01, epochs=8, seed=42, num_workers=0)
2025-04-02 11:25:27 - ospa - INFO - Loading sst2 dataset...
2025-04-02 11:25:32 - ospa - INFO - Preprocessing datasets...
2025-04-02 11:25:36 - ospa - INFO - Preparing data loaders...
2025-04-02 11:25:43 - ospa - INFO - Creating OSPA Transformer model...
2025-04-02 11:25:48 - ospa - INFO - Model has 108,498,434 parameters
2025-04-02 11:25:48 - ospa - INFO - Starting training...
2025-04-02 11:25:48 - ospa - INFO - Epoch 1/8
2025-04-02 11:31:45 - ospa - INFO - Train Loss: 0.6132, Train Acc: 0.6662
2025-04-02 11:31:47 - ospa - INFO - Eval Loss: 0.5690, Accuracy: 0.7133
2025-04-02 11:31:47 - ospa - INFO - New best model saved with accuracy = 0.7133
2025-04-02 11:31:47 - ospa - INFO - Epoch 2/8
2025-04-02 11:37:43 - ospa - INFO - Train Loss: 0.5264, Train Acc: 0.7426
2025-04-02 11:37:45 - ospa - INFO - Eval Loss: 0.6180, Accuracy: 0.7317
2025-04-02 11:37:46 - ospa - INFO - New best model saved with accuracy = 0.7317
2025-04-02 11:37:46 - ospa - INFO - Epoch 3/8
2025-04-02 11:43:42 - ospa - INFO - Train Loss: 0.4677, Train Acc: 0.7808
2025-04-02 11:43:43 - ospa - INFO - Eval Loss: 0.5448, Accuracy: 0.7431
2025-04-02 11:43:44 - ospa - INFO - New best model saved with accuracy = 0.7431
2025-04-02 11:43:44 - ospa - INFO - Epoch 4/8
2025-04-02 11:49:40 - ospa - INFO - Train Loss: 0.4137, Train Acc: 0.8155
2025-04-02 11:49:41 - ospa - INFO - Eval Loss: 0.5571, Accuracy: 0.7489
2025-04-02 11:49:42 - ospa - INFO - New best model saved with accuracy = 0.7489
2025-04-02 11:49:42 - ospa - INFO - Epoch 5/8
2025-04-02 11:55:38 - ospa - INFO - Train Loss: 0.3636, Train Acc: 0.8440
2025-04-02 11:55:39 - ospa - INFO - Eval Loss: 0.6690, Accuracy: 0.7626
2025-04-02 11:55:40 - ospa - INFO - New best model saved with accuracy = 0.7626
2025-04-02 11:55:40 - ospa - INFO - Epoch 6/8
2025-04-02 12:01:36 - ospa - INFO - Train Loss: 0.3299, Train Acc: 0.8604
2025-04-02 12:01:38 - ospa - INFO - Eval Loss: 0.5451, Accuracy: 0.7787
2025-04-02 12:01:39 - ospa - INFO - New best model saved with accuracy = 0.7787
2025-04-02 12:01:39 - ospa - INFO - Epoch 7/8
2025-04-02 12:07:35 - ospa - INFO - Train Loss: 0.3067, Train Acc: 0.8719
2025-04-02 12:07:36 - ospa - INFO - Eval Loss: 0.6246, Accuracy: 0.7752
2025-04-02 12:07:36 - ospa - INFO - Epoch 8/8
2025-04-02 12:13:33 - ospa - INFO - Train Loss: 0.2985, Train Acc: 0.8772
2025-04-02 12:13:35 - ospa - INFO - Eval Loss: 0.6093, Accuracy: 0.7729
2025-04-02 12:13:35 - ospa - INFO - Training completed. Best accuracy: 0.7787
