2025-03-20 15:38:02 - ospa - INFO - Logging to experiments/sst2/ospa_regularize_0.01/sst2_regularize_20250320-153802/ospa_20250320-153802.log
2025-03-20 15:38:02 - ospa - INFO - Arguments: Namespace(task='sst2', data_dir='./data', output_dir='experiments/sst2/ospa_regularize_0.01', tokenizer='bert-base-uncased', max_seq_length=128, d_model=512, nhead=8, num_layers=6, dim_feedforward=2048, dropout=0.1, enforce_mode='regularize', ortho_penalty_weight=0.01, batch_size=32, learning_rate=5e-05, weight_decay=0.01, epochs=3, seed=42, num_workers=0)
2025-03-20 15:38:02 - ospa - INFO - Loading sst2 dataset...
2025-03-20 15:38:06 - ospa - INFO - Preprocessing datasets...
2025-03-20 15:38:10 - ospa - INFO - Preparing data loaders...
2025-03-20 15:38:16 - ospa - INFO - Creating OSPA Transformer model...
2025-03-20 15:38:17 - ospa - INFO - Model has 34,543,618 parameters
2025-03-20 15:38:17 - ospa - INFO - Starting training...
2025-03-20 15:38:17 - ospa - INFO - Epoch 1/3
2025-03-20 15:39:51 - ospa - INFO - Train Loss: 0.6547, Train Acc: 0.6615
2025-03-20 15:39:52 - ospa - INFO - Eval Loss: 0.6291, Accuracy: 0.7030
2025-03-20 15:39:52 - ospa - INFO - New best model saved with accuracy = 0.7030
2025-03-20 15:39:52 - ospa - INFO - Epoch 2/3
2025-03-20 15:41:26 - ospa - INFO - Train Loss: 0.5690, Train Acc: 0.7411
2025-03-20 15:41:26 - ospa - INFO - Eval Loss: 0.6377, Accuracy: 0.7213
2025-03-20 15:41:27 - ospa - INFO - New best model saved with accuracy = 0.7213
2025-03-20 15:41:27 - ospa - INFO - Epoch 3/3
2025-03-20 15:43:00 - ospa - INFO - Train Loss: 0.5030, Train Acc: 0.7817
2025-03-20 15:43:01 - ospa - INFO - Eval Loss: 0.6055, Accuracy: 0.7351
2025-03-20 15:43:01 - ospa - INFO - New best model saved with accuracy = 0.7351
2025-03-20 15:43:01 - ospa - INFO - Training completed. Best accuracy: 0.7351
