2025-03-25 18:33:30 - ospa - INFO - Logging to experiments/mnli/ospa_regularize_0.0001/mnli_regularize_20250325-183330/ospa_20250325-183330.log
2025-03-25 18:33:30 - ospa - INFO - Arguments: Namespace(task='mnli', data_dir='./data', output_dir='experiments/mnli/ospa_regularize_0.0001', tokenizer='bert-base-uncased', max_seq_length=128, d_model=512, nhead=8, num_layers=6, dim_feedforward=2048, dropout=0.1, enforce_mode='regularize', ortho_penalty_weight=0.0001, batch_size=32, learning_rate=3e-05, weight_decay=0.01, epochs=3, seed=42, num_workers=0)
2025-03-25 18:33:30 - ospa - INFO - Loading mnli dataset...
2025-03-25 18:33:33 - ospa - INFO - Preprocessing datasets...
2025-03-25 18:34:00 - ospa - INFO - Preparing data loaders...
2025-03-25 18:34:41 - ospa - INFO - Creating OSPA Transformer model...
2025-03-25 18:34:41 - ospa - INFO - Model has 34,544,131 parameters
2025-03-25 18:34:41 - ospa - INFO - Starting training...
2025-03-25 18:34:41 - ospa - INFO - Epoch 1/3
2025-03-25 18:43:47 - ospa - INFO - Train Loss: 1.0524, Train Acc: 0.4429
2025-03-25 18:43:52 - ospa - INFO - Eval Loss: 1.0432, Accuracy: 0.4705
2025-03-25 18:43:52 - ospa - INFO - New best model saved with accuracy = 0.4705
2025-03-25 18:43:52 - ospa - INFO - Epoch 2/3
2025-03-25 18:52:59 - ospa - INFO - Train Loss: 1.0220, Train Acc: 0.4780
2025-03-25 18:53:03 - ospa - INFO - Eval Loss: 1.0148, Accuracy: 0.4803
2025-03-25 18:53:04 - ospa - INFO - New best model saved with accuracy = 0.4803
2025-03-25 18:53:04 - ospa - INFO - Epoch 3/3
2025-03-25 19:02:10 - ospa - INFO - Train Loss: 1.0066, Train Acc: 0.4936
2025-03-25 19:02:15 - ospa - INFO - Eval Loss: 1.0197, Accuracy: 0.4772
2025-03-25 19:02:15 - ospa - INFO - Training completed. Best accuracy: 0.4803
