2025-03-20 15:19:55 - ospa - INFO - Logging to experiments/sst2/ospa_regularize_0.001/sst2_regularize_20250320-151955/ospa_20250320-151955.log
2025-03-20 15:19:55 - ospa - INFO - Arguments: Namespace(task='sst2', data_dir='./data', output_dir='experiments/sst2/ospa_regularize_0.001', tokenizer='bert-base-uncased', max_seq_length=128, d_model=512, nhead=8, num_layers=6, dim_feedforward=2048, dropout=0.1, enforce_mode='regularize', ortho_penalty_weight=0.001, batch_size=32, learning_rate=5e-05, weight_decay=0.01, epochs=3, seed=42, num_workers=0)
2025-03-20 15:19:55 - ospa - INFO - Model: SequenceClassifier(
  (embedding): Embedding(30522, 512, padding_idx=0)
  (transformer): OSPATransformer(
    (pos_encoder): PositionalEncoding(
      (dropout): Dropout(p=0.1, inplace=False)
    )
    (encoder): OSPATransformerEncoder(
      (layers): ModuleList(
        (0-5): 6 x OSPAEncoderLayer(
          (self_attn): OSPAMultiHeadAttention(
            (q_proj): OrthogonalLinear()
            (k_proj): OrthogonalLinear()
            (v_proj): OrthogonalLinear()
            (o_proj): OrthogonalLinear()
            (dropout): Dropout(p=0.1, inplace=False)
          )
          (linear1): Linear(in_features=512, out_features=2048, bias=True)
          (dropout): Dropout(p=0.1, inplace=False)
          (linear2): Linear(in_features=2048, out_features=512, bias=True)
          (norm1): LayerNorm((512,), eps=1e-05, elementwise_affine=True)
          (norm2): LayerNorm((512,), eps=1e-05, elementwise_affine=True)
          (dropout1): Dropout(p=0.1, inplace=False)
          (dropout2): Dropout(p=0.1, inplace=False)
        )
      )
      (norm): LayerNorm((512,), eps=1e-05, elementwise_affine=True)
    )
  )
  (classifier): Linear(in_features=512, out_features=2, bias=True)
)
2025-03-20 15:19:55 - ospa - INFO - Epoch 1/3
