2025-03-24 13:20:15 - ospa - INFO - Logging to experiments/mnli/ospa_regularize_0.005/mnli_regularize_20250324-132015/ospa_20250324-132015.log
2025-03-24 13:20:15 - ospa - INFO - Arguments: Namespace(task='mnli', data_dir='./data', output_dir='experiments/mnli/ospa_regularize_0.005', tokenizer='bert-base-uncased', max_seq_length=128, d_model=512, nhead=8, num_layers=6, dim_feedforward=2048, dropout=0.1, enforce_mode='regularize', ortho_penalty_weight=0.005, batch_size=32, learning_rate=3e-05, weight_decay=0.01, epochs=3, seed=42, num_workers=0)
2025-03-24 13:20:15 - ospa - INFO - Loading mnli dataset...
2025-03-24 13:20:18 - ospa - INFO - Preprocessing datasets...
2025-03-24 13:20:45 - ospa - INFO - Preparing data loaders...
2025-03-24 13:21:22 - ospa - INFO - Creating OSPA Transformer model...
2025-03-24 13:21:22 - ospa - INFO - Model has 34,544,131 parameters
2025-03-24 13:21:22 - ospa - INFO - Starting training...
2025-03-24 13:21:22 - ospa - INFO - Epoch 1/3
2025-03-24 13:30:30 - ospa - INFO - Train Loss: 1.0727, Train Acc: 0.4380
2025-03-24 13:30:35 - ospa - INFO - Eval Loss: 1.0666, Accuracy: 0.4619
2025-03-24 13:30:35 - ospa - INFO - New best model saved with accuracy = 0.4619
2025-03-24 13:30:35 - ospa - INFO - Epoch 2/3
2025-03-24 13:39:42 - ospa - INFO - Train Loss: 1.0434, Train Acc: 0.4774
2025-03-24 13:39:47 - ospa - INFO - Eval Loss: 1.0310, Accuracy: 0.4836
2025-03-24 13:39:47 - ospa - INFO - New best model saved with accuracy = 0.4836
2025-03-24 13:39:47 - ospa - INFO - Epoch 3/3
2025-03-24 13:48:54 - ospa - INFO - Train Loss: 1.0236, Train Acc: 0.4934
2025-03-24 13:48:59 - ospa - INFO - Eval Loss: 1.0382, Accuracy: 0.4780
2025-03-24 13:48:59 - ospa - INFO - Training completed. Best accuracy: 0.4836
