2025-04-02 11:25:23 - ospa - INFO - Logging to experiments/large_scale/large_mnli_baseline/mnli_init_20250402-112523/ospa_20250402-112523.log
2025-04-02 11:25:23 - ospa - INFO - Arguments: Namespace(task='mnli', data_dir='./data', output_dir='experiments/large_scale/large_mnli_baseline', tokenizer='bert-base-uncased', max_seq_length=128, d_model=768, nhead=12, num_layers=12, dim_feedforward=3072, dropout=0.1, enforce_mode='init', ortho_penalty_weight=0.0, batch_size=16, learning_rate=2e-05, weight_decay=0.01, epochs=8, seed=42, num_workers=0)
2025-04-02 11:25:23 - ospa - INFO - Loading mnli dataset...
2025-04-02 11:25:28 - ospa - INFO - Preprocessing datasets...
2025-04-02 11:26:00 - ospa - INFO - Preparing data loaders...
2025-04-02 11:26:39 - ospa - INFO - Creating OSPA Transformer model...
2025-04-02 11:26:44 - ospa - INFO - Model has 108,499,203 parameters
2025-04-02 11:26:44 - ospa - INFO - Starting training...
2025-04-02 11:26:44 - ospa - INFO - Epoch 1/8
2025-04-02 12:01:23 - ospa - INFO - Train Loss: 1.0660, Train Acc: 0.4260
2025-04-02 12:01:40 - ospa - INFO - Eval Loss: 1.0469, Accuracy: 0.4573
2025-04-02 12:01:41 - ospa - INFO - New best model saved with accuracy = 0.4573
2025-04-02 12:01:41 - ospa - INFO - Epoch 2/8
2025-04-02 12:36:18 - ospa - INFO - Train Loss: 1.0342, Train Acc: 0.4653
2025-04-02 12:36:35 - ospa - INFO - Eval Loss: 1.0427, Accuracy: 0.4581
2025-04-02 12:36:36 - ospa - INFO - New best model saved with accuracy = 0.4581
2025-04-02 12:36:36 - ospa - INFO - Epoch 3/8
2025-04-02 13:11:10 - ospa - INFO - Train Loss: 1.0166, Train Acc: 0.4822
2025-04-02 13:11:27 - ospa - INFO - Eval Loss: 1.0137, Accuracy: 0.4750
2025-04-02 13:11:28 - ospa - INFO - New best model saved with accuracy = 0.4750
2025-04-02 13:11:28 - ospa - INFO - Epoch 4/8
2025-04-02 13:46:03 - ospa - INFO - Train Loss: 1.0027, Train Acc: 0.4949
2025-04-02 13:46:20 - ospa - INFO - Eval Loss: 1.0087, Accuracy: 0.4950
2025-04-02 13:46:21 - ospa - INFO - New best model saved with accuracy = 0.4950
2025-04-02 13:46:21 - ospa - INFO - Epoch 5/8
2025-04-02 14:20:57 - ospa - INFO - Train Loss: 0.9908, Train Acc: 0.5050
2025-04-02 14:21:13 - ospa - INFO - Eval Loss: 1.0070, Accuracy: 0.4954
2025-04-02 14:21:14 - ospa - INFO - New best model saved with accuracy = 0.4954
2025-04-02 14:21:14 - ospa - INFO - Epoch 6/8
2025-04-02 14:55:50 - ospa - INFO - Train Loss: 0.9813, Train Acc: 0.5128
2025-04-02 14:56:07 - ospa - INFO - Eval Loss: 1.0025, Accuracy: 0.5055
2025-04-02 14:56:07 - ospa - INFO - New best model saved with accuracy = 0.5055
2025-04-02 14:56:07 - ospa - INFO - Epoch 7/8
2025-04-02 15:30:42 - ospa - INFO - Train Loss: 0.9741, Train Acc: 0.5184
2025-04-02 15:30:59 - ospa - INFO - Eval Loss: 1.0021, Accuracy: 0.4993
2025-04-02 15:30:59 - ospa - INFO - Epoch 8/8
2025-04-02 16:05:34 - ospa - INFO - Train Loss: 0.9702, Train Acc: 0.5214
2025-04-02 16:05:51 - ospa - INFO - Eval Loss: 0.9989, Accuracy: 0.5006
2025-04-02 16:05:51 - ospa - INFO - Training completed. Best accuracy: 0.5055
