2025-03-25 18:07:01 - ospa - INFO - Logging to experiments/mnli/baseline/mnli_init_20250325-180701/ospa_20250325-180701.log
2025-03-25 18:07:01 - ospa - INFO - Arguments: Namespace(task='mnli', data_dir='./data', output_dir='experiments/mnli/baseline', tokenizer='bert-base-uncased', max_seq_length=128, d_model=512, nhead=8, num_layers=6, dim_feedforward=2048, dropout=0.1, enforce_mode='init', ortho_penalty_weight=0.0, batch_size=32, learning_rate=3e-05, weight_decay=0.01, epochs=3, seed=42, num_workers=0)
2025-03-25 18:07:01 - ospa - INFO - Loading mnli dataset...
2025-03-25 18:07:04 - ospa - INFO - Preprocessing datasets...
2025-03-25 18:07:05 - ospa - INFO - Preparing data loaders...
2025-03-25 18:07:42 - ospa - INFO - Creating OSPA Transformer model...
2025-03-25 18:07:42 - ospa - INFO - Model has 34,544,131 parameters
2025-03-25 18:07:42 - ospa - INFO - Starting training...
2025-03-25 18:07:42 - ospa - INFO - Epoch 1/3
2025-03-25 18:16:12 - ospa - INFO - Train Loss: 1.0493, Train Acc: 0.4443
2025-03-25 18:16:16 - ospa - INFO - Eval Loss: 1.0429, Accuracy: 0.4711
2025-03-25 18:16:17 - ospa - INFO - New best model saved with accuracy = 0.4711
2025-03-25 18:16:17 - ospa - INFO - Epoch 2/3
2025-03-25 18:24:47 - ospa - INFO - Train Loss: 1.0169, Train Acc: 0.4797
2025-03-25 18:24:51 - ospa - INFO - Eval Loss: 1.0073, Accuracy: 0.4940
2025-03-25 18:24:51 - ospa - INFO - New best model saved with accuracy = 0.4940
2025-03-25 18:24:51 - ospa - INFO - Epoch 3/3
2025-03-25 18:33:21 - ospa - INFO - Train Loss: 1.0002, Train Acc: 0.4953
2025-03-25 18:33:25 - ospa - INFO - Eval Loss: 1.0155, Accuracy: 0.4831
2025-03-25 18:33:25 - ospa - INFO - Training completed. Best accuracy: 0.4940
