2025-03-24 13:39:40 - ospa - INFO - Logging to experiments/sst2_tuning/ospa_heads_8/sst2_regularize_20250324-133940/ospa_20250324-133940.log
2025-03-24 13:39:40 - ospa - INFO - Arguments: Namespace(task='sst2', data_dir='./data', output_dir='experiments/sst2_tuning/ospa_heads_8', tokenizer='bert-base-uncased', max_seq_length=128, d_model=512, nhead=8, num_layers=6, dim_feedforward=2048, dropout=0.1, enforce_mode='regularize', ortho_penalty_weight=0.005, batch_size=32, learning_rate=5e-05, weight_decay=0.02, epochs=5, seed=42, num_workers=0)
2025-03-24 13:39:40 - ospa - INFO - Loading sst2 dataset...
2025-03-24 13:39:42 - ospa - INFO - Preprocessing datasets...
2025-03-24 13:39:46 - ospa - INFO - Preparing data loaders...
2025-03-24 13:39:52 - ospa - INFO - Creating OSPA Transformer model...
2025-03-24 13:39:52 - ospa - INFO - Model has 34,543,618 parameters
2025-03-24 13:39:52 - ospa - INFO - Starting training...
2025-03-24 13:39:52 - ospa - INFO - Epoch 1/5
2025-03-24 13:41:26 - ospa - INFO - Train Loss: 0.6413, Train Acc: 0.6659
2025-03-24 13:41:27 - ospa - INFO - Eval Loss: 0.6019, Accuracy: 0.6961
2025-03-24 13:41:27 - ospa - INFO - New best model saved with accuracy = 0.6961
2025-03-24 13:41:27 - ospa - INFO - Epoch 2/5
2025-03-24 13:43:01 - ospa - INFO - Train Loss: 0.5633, Train Acc: 0.7410
2025-03-24 13:43:01 - ospa - INFO - Eval Loss: 0.6641, Accuracy: 0.7064
2025-03-24 13:43:01 - ospa - INFO - New best model saved with accuracy = 0.7064
2025-03-24 13:43:01 - ospa - INFO - Epoch 3/5
2025-03-24 13:44:35 - ospa - INFO - Train Loss: 0.4993, Train Acc: 0.7868
2025-03-24 13:44:35 - ospa - INFO - Eval Loss: 0.6366, Accuracy: 0.7259
2025-03-24 13:44:36 - ospa - INFO - New best model saved with accuracy = 0.7259
2025-03-24 13:44:36 - ospa - INFO - Epoch 4/5
2025-03-24 13:46:10 - ospa - INFO - Train Loss: 0.4323, Train Acc: 0.8245
2025-03-24 13:46:10 - ospa - INFO - Eval Loss: 0.5998, Accuracy: 0.7569
2025-03-24 13:46:10 - ospa - INFO - New best model saved with accuracy = 0.7569
2025-03-24 13:46:10 - ospa - INFO - Epoch 5/5
2025-03-24 13:47:44 - ospa - INFO - Train Loss: 0.3893, Train Acc: 0.8461
2025-03-24 13:47:44 - ospa - INFO - Eval Loss: 0.6077, Accuracy: 0.7592
2025-03-24 13:47:45 - ospa - INFO - New best model saved with accuracy = 0.7592
2025-03-24 13:47:45 - ospa - INFO - Training completed. Best accuracy: 0.7592
